Flow report for convLayer
Wed Oct  5 17:48:57 2016
Quartus II 64-Bit Version 13.1.0 Build 162 10/23/2013 SJ Full Version


---------------------
; Table of Contents ;
---------------------
  1. Legal Notice
  2. Flow Summary
  3. Flow Settings
  4. Flow Non-Default Global Settings
  5. Flow Elapsed Time
  6. Flow OS Summary
  7. Flow Log
  8. Flow Messages
  9. Flow Suppressed Messages



----------------
; Legal Notice ;
----------------
Copyright (C) 1991-2013 Altera Corporation
Your use of Altera Corporation's design tools, logic functions 
and other software and tools, and its AMPP partner logic 
functions, and any output files from any of the foregoing 
(including device programming or simulation files), and any 
associated documentation or information are expressly subject 
to the terms and conditions of the Altera Program License 
Subscription Agreement, Altera MegaCore Function License 
Agreement, or other applicable license agreement, including, 
without limitation, that your use is for the sole purpose of 
programming logic devices manufactured by Altera and sold by 
Altera or its authorized distributors.  Please refer to the 
applicable agreement for further details.



+----------------------------------------------------------------------------------+
; Flow Summary                                                                     ;
+------------------------------------+---------------------------------------------+
; Flow Status                        ; Successful - Wed Oct  5 17:48:48 2016       ;
; Quartus II 64-Bit Version          ; 13.1.0 Build 162 10/23/2013 SJ Full Version ;
; Revision Name                      ; convLayer                                   ;
; Top-level Entity Name              ; top                                         ;
; Family                             ; Cyclone III                                 ;
; Device                             ; EP3C120F780C7                               ;
; Timing Models                      ; Final                                       ;
; Total logic elements               ; 5,321 / 119,088 ( 4 % )                     ;
;     Total combinational functions  ; 3,686 / 119,088 ( 3 % )                     ;
;     Dedicated logic registers      ; 3,887 / 119,088 ( 3 % )                     ;
; Total registers                    ; 3887                                        ;
; Total pins                         ; 53 / 532 ( 10 % )                           ;
; Total virtual pins                 ; 0                                           ;
; Total memory bits                  ; 2,335,552 / 3,981,312 ( 59 % )              ;
; Embedded Multiplier 9-bit elements ; 0 / 576 ( 0 % )                             ;
; Total PLLs                         ; 1 / 4 ( 25 % )                              ;
+------------------------------------+---------------------------------------------+


+-----------------------------------------+
; Flow Settings                           ;
+-------------------+---------------------+
; Option            ; Setting             ;
+-------------------+---------------------+
; Start date & time ; 10/05/2016 17:47:38 ;
; Main task         ; Compilation         ;
; Revision Name     ; convLayer           ;
+-------------------+---------------------+


+-------------------------------------------------------------------------------------------------------------------------------------------------+
; Flow Non-Default Global Settings                                                                                                                ;
+-------------------------------------+---------------------------------+------------------------------+-------------+----------------------------+
; Assignment Name                     ; Value                           ; Default Value                ; Entity Name ; Section Id                 ;
+-------------------------------------+---------------------------------+------------------------------+-------------+----------------------------+
; COMPILER_SIGNATURE_ID               ; 273440548302623.147568245828863 ; --                           ; --          ; --                         ;
; INCREMENTAL_COMPILATION             ; Off                             ; FULL_INCREMENTAL_COMPILATION ; --          ; --                         ;
; MAX_CORE_JUNCTION_TEMP              ; 85                              ; --                           ; --          ; --                         ;
; MIN_CORE_JUNCTION_TEMP              ; 0                               ; --                           ; --          ; --                         ;
; NOMINAL_CORE_SUPPLY_VOLTAGE         ; 1.2V                            ; --                           ; --          ; --                         ;
; PARTITION_COLOR                     ; 16764057                        ; --                           ; top         ; Top                        ;
; PARTITION_FITTER_PRESERVATION_LEVEL ; PLACEMENT_AND_ROUTING           ; --                           ; top         ; ci:ci_inst                 ;
; PARTITION_FITTER_PRESERVATION_LEVEL ; PLACEMENT_AND_ROUTING           ; --                           ; top         ; conv2:conv2_inst           ;
; PARTITION_FITTER_PRESERVATION_LEVEL ; PLACEMENT_AND_ROUTING           ; --                           ; top         ; fi:fi_inst                 ;
; PARTITION_FITTER_PRESERVATION_LEVEL ; PLACEMENT_AND_ROUTING           ; --                           ; top         ; mt9:mt9_inst               ;
; PARTITION_FITTER_PRESERVATION_LEVEL ; PLACEMENT_AND_ROUTING           ; --                           ; top         ; pi:pi_inst                 ;
; PARTITION_FITTER_PRESERVATION_LEVEL ; PLACEMENT_AND_ROUTING           ; --                           ; top         ; usb_cypress_CY7C68014A:usb ;
; PARTITION_FITTER_PRESERVATION_LEVEL ; PLACEMENT_AND_ROUTING           ; --                           ; top         ; Top                        ;
; PARTITION_NETLIST_TYPE              ; POST_SYNTH                      ; --                           ; top         ; ci:ci_inst                 ;
; PARTITION_NETLIST_TYPE              ; POST_SYNTH                      ; --                           ; top         ; conv2:conv2_inst           ;
; PARTITION_NETLIST_TYPE              ; POST_SYNTH                      ; --                           ; top         ; fi:fi_inst                 ;
; PARTITION_NETLIST_TYPE              ; POST_SYNTH                      ; --                           ; top         ; mt9:mt9_inst               ;
; PARTITION_NETLIST_TYPE              ; POST_SYNTH                      ; --                           ; top         ; pi:pi_inst                 ;
; PARTITION_NETLIST_TYPE              ; POST_SYNTH                      ; --                           ; top         ; usb_cypress_CY7C68014A:usb ;
; PARTITION_NETLIST_TYPE              ; SOURCE                          ; --                           ; top         ; Top                        ;
; PROJECT_OUTPUT_DIRECTORY            ; output_files                    ; --                           ; --          ; --                         ;
; TOP_LEVEL_ENTITY                    ; top                             ; convLayer                    ; --          ; --                         ;
+-------------------------------------+---------------------------------+------------------------------+-------------+----------------------------+


+-------------------------------------------------------------------------------------------------------------------------------+
; Flow Elapsed Time                                                                                                             ;
+---------------------------+--------------+-------------------------+---------------------+------------------------------------+
; Module Name               ; Elapsed Time ; Average Processors Used ; Peak Virtual Memory ; Total CPU Time (on all processors) ;
+---------------------------+--------------+-------------------------+---------------------+------------------------------------+
; Analysis & Synthesis      ; 00:00:23     ; 3.0                     ; 857 MB              ; 00:00:52                           ;
; Partition Merge           ; 00:00:01     ; 1.0                     ; 950 MB              ; 00:00:01                           ;
; Fitter                    ; 00:00:32     ; 1.5                     ; 1327 MB             ; 00:00:44                           ;
; Assembler                 ; 00:00:04     ; 1.0                     ; 649 MB              ; 00:00:04                           ;
; TimeQuest Timing Analyzer ; 00:00:07     ; 1.7                     ; 909 MB              ; 00:00:08                           ;
; Total                     ; 00:01:07     ; --                      ; --                  ; 00:01:49                           ;
+---------------------------+--------------+-------------------------+---------------------+------------------------------------+


+---------------------------------------------------------------------------------------------+
; Flow OS Summary                                                                             ;
+---------------------------+------------------+----------------+------------+----------------+
; Module Name               ; Machine Hostname ; OS Name        ; OS Version ; Processor type ;
+---------------------------+------------------+----------------+------------+----------------+
; Analysis & Synthesis      ; Dell-T1700       ; Ubuntu 16.04.1 ; 16         ; x86_64         ;
; Partition Merge           ; Dell-T1700       ; Ubuntu 16.04.1 ; 16         ; x86_64         ;
; Fitter                    ; Dell-T1700       ; Ubuntu 16.04.1 ; 16         ; x86_64         ;
; Assembler                 ; Dell-T1700       ; Ubuntu 16.04.1 ; 16         ; x86_64         ;
; TimeQuest Timing Analyzer ; Dell-T1700       ; Ubuntu 16.04.1 ; 16         ; x86_64         ;
+---------------------------+------------------+----------------+------------+----------------+


------------
; Flow Log ;
------------
quartus_map --read_settings_files=on --write_settings_files=off convLayer -c convLayer
quartus_cdb --read_settings_files=off --write_settings_files=off convLayer -c convLayer --merge=on
quartus_fit --read_settings_files=off --write_settings_files=off convLayer -c convLayer
quartus_asm --read_settings_files=off --write_settings_files=off convLayer -c convLayer
quartus_sta convLayer -c convLayer



